13:14:09.771 [qtp298156448-49] DEBUG o.c.d.r.util.LoggingResponseFilter - Requesting GET for path /podcasts 
13:14:17.227 [qtp298156448-50] DEBUG o.c.d.r.util.LoggingResponseFilter - Requesting GET for path /podcasts/1 
13:35:28.624 [qtp1247938090-24] DEBUG o.c.d.r.util.LoggingResponseFilter - Requesting GET for path /podcasts 
13:35:33.792 [qtp1247938090-23] DEBUG o.c.d.r.util.LoggingResponseFilter - Requesting GET for path /podcasts/1 
13:36:05.750 [qtp1247938090-24] DEBUG o.c.d.r.util.LoggingResponseFilter - Requesting GET for path /podcasts/1 
13:36:27.294 [qtp974242027-23] DEBUG o.c.d.r.util.LoggingResponseFilter - Requesting GET for path /podcasts/1 
13:39:58.197 [qtp614516107-24] DEBUG o.c.d.r.util.LoggingResponseFilter - Requesting GET for path /podcasts/1 
13:42:25.309 [qtp614516107-24] DEBUG o.c.d.r.util.LoggingResponseFilter - Requesting GET for path /podcasts/1 
13:42:46.100 [qtp974242027-23] DEBUG o.c.d.r.util.LoggingResponseFilter - Requesting GET for path /podcasts/1 
13:44:19.838 [qtp974242027-23] DEBUG o.c.d.r.util.LoggingResponseFilter - Requesting GET for path /podcasts/1 
13:47:02.974 [qtp2134639513-23] DEBUG o.c.d.r.util.LoggingResponseFilter - Requesting GET for path /podcasts/1 
14:06:25.792 [qtp406831866-23] DEBUG o.c.d.r.util.LoggingResponseFilter - Requesting GET for path /podcasts/1 
14:06:43.377 [qtp406831866-24] DEBUG o.c.d.r.util.LoggingResponseFilter - Requesting GET for path /podcasts 
14:06:53.778 [qtp406831866-23] DEBUG o.c.d.r.util.LoggingResponseFilter - Requesting GET for path /podcasts/1 
14:07:37.986 [qtp406831866-24] DEBUG o.c.d.r.util.LoggingResponseFilter - Requesting GET for path /podcasts 
14:08:14.972 [qtp1295338046-23] DEBUG o.c.d.r.util.LoggingResponseFilter - Requesting GET for path /podcasts 
14:21:08.176 [qtp1789387126-23] DEBUG o.c.d.r.util.LoggingResponseFilter - Requesting GET for path /podcasts 
14:21:19.644 [qtp1789387126-24] DEBUG o.c.d.r.util.LoggingResponseFilter - Requesting GET for path /podcasts/1 
14:22:41.047 [qtp1878454236-23] DEBUG o.c.d.r.util.LoggingResponseFilter - Requesting GET for path /podcasts/1 
14:22:48.535 [qtp1878454236-24] DEBUG o.c.d.r.util.LoggingResponseFilter - Requesting GET for path /podcasts 
14:24:58.013 [qtp511094763-23] DEBUG o.c.d.r.util.LoggingResponseFilter - Requesting GET for path /podcasts 
14:25:04.980 [qtp511094763-24] DEBUG o.c.d.r.util.LoggingResponseFilter - Requesting GET for path /podcasts/1 
14:25:30.282 [qtp511094763-23] DEBUG o.c.d.r.util.LoggingResponseFilter - Requesting PUT for path /podcasts/1 
14:25:32.071 [qtp511094763-24] DEBUG o.c.d.r.util.LoggingResponseFilter - Requesting POST for path /podcasts/1 
14:26:01.138 [qtp511094763-23] DEBUG o.c.d.r.util.LoggingResponseFilter - Requesting POST for path /podcasts/1 
14:27:14.244 [qtp511094763-24] DEBUG o.c.d.r.util.LoggingResponseFilter - Requesting POST for path /podcasts/1 
14:27:24.438 [qtp511094763-23] DEBUG o.c.d.r.util.LoggingResponseFilter - Requesting PUT for path /podcasts/1 
14:27:37.636 [qtp511094763-24] DEBUG o.c.d.r.util.LoggingResponseFilter - Requesting PUT for path /podcasts/1 
14:27:38.707 [qtp511094763-23] DEBUG o.c.d.r.util.LoggingResponseFilter - Requesting PUT for path /podcasts/1 
14:28:19.852 [qtp511094763-24] DEBUG o.c.d.r.util.LoggingResponseFilter - Requesting PUT for path /podcasts/1 
14:28:53.002 [qtp511094763-24] DEBUG o.c.d.r.util.LoggingResponseFilter - Requesting PUT for path /podcasts/1 
14:29:15.051 [qtp511094763-23] DEBUG o.c.d.r.util.LoggingResponseFilter - Requesting GET for path /podcasts/1 
14:29:40.333 [qtp511094763-24] DEBUG o.c.d.r.util.LoggingResponseFilter - Requesting PUT for path /podcasts/1 
14:31:50.566 [qtp511094763-23] DEBUG o.c.d.r.util.LoggingResponseFilter - Requesting GET for path /podcasts/1 
14:55:52.358 [qtp511094763-24] DEBUG o.c.d.r.util.LoggingResponseFilter - Requesting GET for path /podcasts 
14:56:10.410 [qtp511094763-23] DEBUG o.c.d.r.util.LoggingResponseFilter - Requesting GET for path /podcasts/1 
14:56:52.874 [qtp511094763-23] DEBUG o.c.d.r.util.LoggingResponseFilter - Requesting PUT for path /podcasts/1 
14:57:05.442 [qtp511094763-24] DEBUG o.c.d.r.util.LoggingResponseFilter - Requesting PUT for path /podcasts 
14:57:41.330 [qtp511094763-23] DEBUG o.c.d.r.util.LoggingResponseFilter - Requesting PUT for path /podcasts 
15:21:05.123 [qtp1731365835-24] DEBUG o.c.d.r.util.LoggingResponseFilter - Requesting PUT for path /podcasts 
15:25:59.168 [qtp1731365835-24] DEBUG o.c.d.r.util.LoggingResponseFilter - Requesting PUT for path /podcasts 
15:26:55.896 [qtp1834961152-23] DEBUG o.c.d.r.util.LoggingResponseFilter - Requesting PUT for path /podcasts 
15:28:51.559 [qtp1834961152-24] DEBUG o.c.d.r.util.LoggingResponseFilter - Requesting PUT for path /podcasts 
15:32:23.660 [qtp1834961152-24] DEBUG o.c.d.r.util.LoggingResponseFilter - Requesting PUT for path /podcasts 
16:01:58.548 [qtp382698552-23] DEBUG o.c.d.r.util.LoggingResponseFilter - Requesting PUT for path /podcasts 
16:02:40.658 [qtp382698552-24] DEBUG o.c.d.r.util.LoggingResponseFilter - Requesting PUT for path /podcasts 
23:52:31.237 [qtp954928973-25] DEBUG o.c.d.r.util.LoggingResponseFilter - Requesting GET for path /podcasts 
